<?xml version="1.0" encoding="UTF-8"?>
<testng-results ignored="0" total="3" passed="3" failed="0" skipped="0">
  <reporter-output>
  </reporter-output>
  <suite started-at="2023-07-08T14:27:01 IST" name="Default suite" finished-at="2023-07-08T14:27:47 IST" duration-ms="46113">
    <groups>
      <group name="cucumber">
        <method signature="AbstractTestNGCucumberTests.runScenario(io.cucumber.testng.PickleWrapper, io.cucumber.testng.FeatureWrapper)[pri:0, instance:runner.TestRunner@47faa49c]" name="runScenario" class="io.cucumber.testng.AbstractTestNGCucumberTests"/>
      </group> <!-- cucumber -->
    </groups>
    <test started-at="2023-07-08T14:27:01 IST" name="Default test" finished-at="2023-07-08T14:27:47 IST" duration-ms="46113">
      <class name="runner.TestRunner">
        <test-method is-config="true" signature="setUpClass()[pri:0, instance:runner.TestRunner@47faa49c]" started-at="2023-07-08T14:27:01 IST" name="setUpClass" finished-at="2023-07-08T14:27:02 IST" duration-ms="1590" status="PASS">
          <reporter-output>
          </reporter-output>
        </test-method> <!-- setUpClass -->
        <test-method signature="runScenario(io.cucumber.testng.PickleWrapper, io.cucumber.testng.FeatureWrapper)[pri:0, instance:runner.TestRunner@47faa49c]" started-at="2023-07-08T14:27:02 IST" name="runScenario" description="Runs Cucumber Scenarios" data-provider="scenarios" finished-at="2023-07-08T14:27:19 IST" duration-ms="17202" status="PASS">
          <params>
            <param index="0">
              <value>
                <![CDATA["Verfication of number of columns and articles"]]>
              </value>
            </param>
            <param index="1">
              <value>
                <![CDATA["Optional[Verifying Digital Pulse webPage]"]]>
              </value>
            </param>
          </params>
          <reporter-output>
          </reporter-output>
        </test-method> <!-- runScenario -->
        <test-method signature="runScenario(io.cucumber.testng.PickleWrapper, io.cucumber.testng.FeatureWrapper)[pri:0, instance:runner.TestRunner@47faa49c]" started-at="2023-07-08T14:27:19 IST" name="runScenario" description="Runs Cucumber Scenarios" data-provider="scenarios" finished-at="2023-07-08T14:27:32 IST" duration-ms="13040" status="PASS">
          <params>
            <param index="0">
              <value>
                <![CDATA["Subsribe Page Fields Verification"]]>
              </value>
            </param>
            <param index="1">
              <value>
                <![CDATA["Optional[Verifying Digital Pulse webPage]"]]>
              </value>
            </param>
          </params>
          <reporter-output>
          </reporter-output>
        </test-method> <!-- runScenario -->
        <test-method signature="runScenario(io.cucumber.testng.PickleWrapper, io.cucumber.testng.FeatureWrapper)[pri:0, instance:runner.TestRunner@47faa49c]" started-at="2023-07-08T14:27:32 IST" name="runScenario" description="Runs Cucumber Scenarios" data-provider="scenarios" finished-at="2023-07-08T14:27:46 IST" duration-ms="13512" status="PASS">
          <params>
            <param index="0">
              <value>
                <![CDATA["verification of Number of Search Results"]]>
              </value>
            </param>
            <param index="1">
              <value>
                <![CDATA["Optional[Verifying Digital Pulse webPage]"]]>
              </value>
            </param>
          </params>
          <reporter-output>
          </reporter-output>
        </test-method> <!-- runScenario -->
        <test-method is-config="true" signature="tearDownClass()[pri:0, instance:runner.TestRunner@47faa49c]" started-at="2023-07-08T14:27:46 IST" name="tearDownClass" finished-at="2023-07-08T14:27:47 IST" duration-ms="706" status="PASS">
          <reporter-output>
          </reporter-output>
        </test-method> <!-- tearDownClass -->
      </class> <!-- runner.TestRunner -->
    </test> <!-- Default test -->
  </suite> <!-- Default suite -->
</testng-results>
